Copyright 1986-2018 Xilinx, Inc. All Rights Reserved.
-------------------------------------------------------------------------------------------------------------------------
| Tool Version : Vivado v.2018.3 (win64) Build 2405991 Thu Dec  6 23:38:27 MST 2018
| Date         : Sat Jun  4 22:13:41 2022
| Host         : DESKTOP-R78F55E running 64-bit major release  (build 9200)
| Command      : report_utilization -file sequential_top_utilization_placed.rpt -pb sequential_top_utilization_placed.pb
| Design       : sequential_top
| Device       : xcvu095ffva2104-2
| Design State : Fully Placed
-------------------------------------------------------------------------------------------------------------------------

Utilization Design Information

Table of Contents
-----------------
1. CLB Logic
1.1 Summary of Registers by Type
2. CLB Logic Distribution
3. BLOCKRAM
4. ARITHMETIC
5. I/O
6. CLOCK
7. ADVANCED
8. CONFIGURATION
9. Primitives
10. Black Boxes
11. Instantiated Netlists

1. CLB Logic
------------

+-------------------------+------+-------+-----------+-------+
|        Site Type        | Used | Fixed | Available | Util% |
+-------------------------+------+-------+-----------+-------+
| CLB LUTs                |   10 |     0 |    537600 | <0.01 |
|   LUT as Logic          |   10 |     0 |    537600 | <0.01 |
|   LUT as Memory         |    0 |     0 |     76800 |  0.00 |
| CLB Registers           |    4 |     0 |   1075200 | <0.01 |
|   Register as Flip Flop |    4 |     0 |   1075200 | <0.01 |
|   Register as Latch     |    0 |     0 |   1075200 |  0.00 |
| CARRY8                  |    0 |     0 |     67200 |  0.00 |
| F7 Muxes                |    0 |     0 |    268800 |  0.00 |
| F8 Muxes                |    0 |     0 |    134400 |  0.00 |
| F9 Muxes                |    0 |     0 |     67200 |  0.00 |
+-------------------------+------+-------+-----------+-------+


1.1 Summary of Registers by Type
--------------------------------

+-------+--------------+-------------+--------------+
| Total | Clock Enable | Synchronous | Asynchronous |
+-------+--------------+-------------+--------------+
| 0     |            _ |           - |            - |
| 0     |            _ |           - |          Set |
| 0     |            _ |           - |        Reset |
| 0     |            _ |         Set |            - |
| 0     |            _ |       Reset |            - |
| 0     |          Yes |           - |            - |
| 0     |          Yes |           - |          Set |
| 4     |          Yes |           - |        Reset |
| 0     |          Yes |         Set |            - |
| 0     |          Yes |       Reset |            - |
+-------+--------------+-------------+--------------+


2. CLB Logic Distribution
-------------------------

+----------------------------------------+------+-------+-----------+-------+
|                Site Type               | Used | Fixed | Available | Util% |
+----------------------------------------+------+-------+-----------+-------+
| CLB                                    |    3 |     0 |     67200 | <0.01 |
|   CLBL                                 |    3 |     0 |           |       |
|   CLBM                                 |    0 |     0 |           |       |
| LUT as Logic                           |   10 |     0 |    537600 | <0.01 |
|   using O5 output only                 |    1 |       |           |       |
|   using O6 output only                 |    5 |       |           |       |
|   using O5 and O6                      |    4 |       |           |       |
| LUT as Memory                          |    0 |     0 |     76800 |  0.00 |
|   LUT as Distributed RAM               |    0 |     0 |           |       |
|   LUT as Shift Register                |    0 |     0 |           |       |
| CLB Registers                          |    4 |     0 |   1075200 | <0.01 |
|   Register driven from within the CLB  |    4 |       |           |       |
|   Register driven from outside the CLB |    0 |       |           |       |
| Unique Control Sets                    |    1 |       |    134400 | <0.01 |
+----------------------------------------+------+-------+-----------+-------+
* Note: Available Control Sets calculated as CLB Registers / 8, Review the Control Sets Report for more information regarding control sets.


3. BLOCKRAM
-----------

+----------------+------+-------+-----------+-------+
|    Site Type   | Used | Fixed | Available | Util% |
+----------------+------+-------+-----------+-------+
| Block RAM Tile |    0 |     0 |      1728 |  0.00 |
|   RAMB36/FIFO* |    0 |     0 |      1728 |  0.00 |
|   RAMB18       |    0 |     0 |      3456 |  0.00 |
+----------------+------+-------+-----------+-------+
* Note: Each Block RAM Tile only has one FIFO logic available and therefore can accommodate only one FIFO36E2 or one FIFO18E2. However, if a FIFO18E2 occupies a Block RAM Tile, that tile can still accommodate a RAMB18E2


4. ARITHMETIC
-------------

+-----------+------+-------+-----------+-------+
| Site Type | Used | Fixed | Available | Util% |
+-----------+------+-------+-----------+-------+
| DSPs      |    0 |     0 |       768 |  0.00 |
+-----------+------+-------+-----------+-------+


5. I/O
------

+------------------+------+-------+-----------+-------+
|     Site Type    | Used | Fixed | Available | Util% |
+------------------+------+-------+-----------+-------+
| Bonded IOB       |   21 |     0 |       832 |  2.52 |
| HPIOB            |    0 |     0 |       780 |  0.00 |
| HRIO             |   21 |     0 |        52 | 40.38 |
|   INPUT          |    7 |       |           |       |
|   OUTPUT         |   14 |       |           |       |
|   BIDIR          |    0 |       |           |       |
| HPIOBDIFFINBUF   |    0 |     0 |       360 |  0.00 |
| HPIOBDIFFOUTBUF  |    0 |     0 |       360 |  0.00 |
| HRIODIFFINBUF    |    0 |     0 |        24 |  0.00 |
| HRIODIFFOUTBUF   |    0 |     0 |        24 |  0.00 |
| BITSLICE_CONTROL |    0 |     0 |       128 |  0.00 |
| BITSLICE_RX_TX   |    0 |     0 |       832 |  0.00 |
| BITSLICE_TX      |    0 |     0 |       128 |  0.00 |
| RIU_OR           |    0 |     0 |        64 |  0.00 |
+------------------+------+-------+-----------+-------+


6. CLOCK
--------

+----------------------+------+-------+-----------+-------+
|       Site Type      | Used | Fixed | Available | Util% |
+----------------------+------+-------+-----------+-------+
| GLOBAL CLOCK BUFFERs |    1 |     0 |       960 |  0.10 |
|   BUFGCE             |    1 |     0 |       384 |  0.26 |
|   BUFGCE_DIV         |    0 |     0 |        64 |  0.00 |
|   BUFG_GT            |    0 |     0 |       384 |  0.00 |
|   BUFGCTRL*          |    0 |     0 |       128 |  0.00 |
| PLLE3_ADV            |    0 |     0 |        32 |  0.00 |
| MMCME3_ADV           |    0 |     0 |        16 |  0.00 |
+----------------------+------+-------+-----------+-------+
* Note: Each used BUFGCTRL counts as two global buffer resources. This table does not include global clocking resources, only buffer cell usage. See the Clock Utilization Report (report_clock_utilization) for detailed accounting of global clocking resource availability.


7. ADVANCED
-----------

+-----------------+------+-------+-----------+-------+
|    Site Type    | Used | Fixed | Available | Util% |
+-----------------+------+-------+-----------+-------+
| CMAC            |    0 |     0 |         4 |  0.00 |
| GTHE3_CHANNEL   |    0 |     0 |        28 |  0.00 |
| GTHE3_COMMON    |    0 |     0 |         7 |  0.00 |
| GTYE3_CHANNEL   |    0 |     0 |        24 |  0.00 |
| GTYE3_COMMON    |    0 |     0 |         6 |  0.00 |
| IBUFDS_GTE3     |    0 |     0 |        26 |  0.00 |
| ILKN            |    0 |     0 |         6 |  0.00 |
| OBUFDS_GTE3     |    0 |     0 |        26 |  0.00 |
| OBUFDS_GTE3_ADV |    0 |     0 |        26 |  0.00 |
| PCIE_3_1        |    0 |     0 |         4 |  0.00 |
| SYSMONE1        |    0 |     0 |         1 |  0.00 |
+-----------------+------+-------+-----------+-------+


8. CONFIGURATION
----------------

+-------------+------+-------+-----------+-------+
|  Site Type  | Used | Fixed | Available | Util% |
+-------------+------+-------+-----------+-------+
| BSCANE2     |    0 |     0 |         4 |  0.00 |
| DNA_PORTE2  |    0 |     0 |         1 |  0.00 |
| EFUSE_USR   |    0 |     0 |         1 |  0.00 |
| FRAME_ECCE3 |    0 |     0 |         1 |  0.00 |
| ICAPE3      |    0 |     0 |         2 |  0.00 |
| MASTER_JTAG |    0 |     0 |         1 |  0.00 |
| STARTUPE3   |    0 |     0 |         1 |  0.00 |
+-------------+------+-------+-----------+-------+


9. Primitives
-------------

+----------+------+---------------------+
| Ref Name | Used | Functional Category |
+----------+------+---------------------+
| OBUF     |   14 |                 I/O |
| LUT5     |    8 |                 CLB |
| INBUF    |    7 |                 I/O |
| IBUFCTRL |    7 |              Others |
| LUT6     |    4 |                 CLB |
| FDCE     |    4 |            Register |
| LUT4     |    1 |                 CLB |
| LUT2     |    1 |                 CLB |
| BUFGCE   |    1 |               Clock |
+----------+------+---------------------+


10. Black Boxes
---------------

+----------+------+
| Ref Name | Used |
+----------+------+


11. Instantiated Netlists
-------------------------

+----------+------+
| Ref Name | Used |
+----------+------+


